[Thu Jun 12 02:24:22 MSK 2025] You: hello
[Thu Jun 12 02:24:31 MSK 2025] You: how are you?
[Thu Jun 12 02:30:01 MSK 2025] You: привет
[Thu Jun 12 02:30:06 MSK 2025] You: Как дела
[Thu Jun 12 02:30:18 MSK 2025] You: Как погода?
[Thu Jun 12 02:30:43 MSK 2025] You: Чем занят?
[Thu Jun 12 02:30:54 MSK 2025] You: EXIT
Disconnected from server
[Thu Jun 12 02:34:02 MSK 2025] You: привет
[Thu Jun 12 02:34:08 MSK 2025] You: Как делы
[Thu Jun 12 02:34:16 MSK 2025] You: Че почем
[Thu Jun 12 02:34:21 MSK 2025] You: Че зачем
[Thu Jun 12 02:34:29 MSK 2025] You: что где когда
[Thu Jun 12 02:34:32 MSK 2025] You: exit
Disconnected from server
[Thu Jun 12 02:35:46 MSK 2025] You: Priwet
[Thu Jun 12 02:35:52 MSK 2025] You: Kak Dela?
[Thu Jun 12 02:36:03 MSK 2025] You: Kak OHO?
Disconnected from server
Connection error: Connection refused: connect
Connection error: Connection refused: connect
Connection error: Connection refused: connect
Connection error: Connection refused: connect
Connection error: Connection refused: connect
[Fri Jun 13 23:07:06 MSK 2025] You: priwet
[Fri Jun 13 23:07:12 MSK 2025] You: KaK Dela
Disconnected from server
[Fri Jun 13 23:08:46 MSK 2025] You: привет
[Fri Jun 13 23:09:05 MSK 2025] You: как оно??
Disconnected from server
Disconnected from server
[Fri Jun 13 23:11:59 MSK 2025] You: /xit
Disconnected from server
[Fri Jun 13 23:12:55 MSK 2025] You: привет
[Fri Jun 13 23:13:02 MSK 2025] You: Как ваше ничего?
[Fri Jun 13 23:13:11 MSK 2025] You: Как погода сейчас??
[Fri Jun 13 23:13:25 MSK 2025] You: Что нового?
Disconnected from server
